2026-05-04 16:17:10 info: [settings] Memantau perubahan settings.json
2026-05-04 16:17:10 info: [Backup] Created backup directory
2026-05-04 16:17:10 info: [DB] Billing database ready
2026-05-04 16:17:10 info: Attempting to start server on configured port: 3001
2026-05-04 16:17:10 info: Mencoba memulai server pada port 3001...
2026-05-04 16:17:10 info: [CRON] Semua tugas penjadwalan telah aktif.
2026-05-04 16:17:10 info: [Backup] Auto backup scheduled: 0 2 * * *
2026-05-04 16:17:10 info: Server berhasil berjalan pada port 3001
2026-05-04 16:17:10 info: Environment: development
2026-05-04 16:17:11 info: [WA] Connection Update: connecting
2026-05-04 16:17:12 info: [WA] QR Code Baru Dihasilkan: 2@8ILvjB/v/JzpUr9eLT...
2026-05-17 21:55:05 info: [settings] Memantau perubahan settings.json
2026-05-21 01:21:31 info: [settings] Memantau perubahan settings.json
2026-05-21 01:21:31 info: [Backup] Created backup directory
2026-05-21 01:21:31 info: [DB] Billing database ready
2026-05-21 01:21:31 info: Attempting to start server on configured port: 3001
2026-05-21 01:21:31 info: Mencoba memulai server pada port 3001...
2026-05-21 01:21:32 info: [CRON] Semua tugas penjadwalan telah aktif.
2026-05-21 01:21:32 info: [Backup] Auto backup scheduled: 0 2 * * *
2026-05-21 01:21:32 info: Server berhasil berjalan pada port 3001
2026-05-21 01:21:32 info: Environment: production
2026-05-21 01:21:32 error: Telegram Polling Error:
2026-05-21 01:21:32 info: [WA] Connection Update: connecting
2026-05-21 01:21:33 info: Telegram Bot: Terhubung sebagai @Zyandrabilling_Bot
2026-05-21 01:21:33 info: [WA] QR Code Baru Dihasilkan: 2@dj9dRtotGN3kCeYMiC...
2026-05-21 01:22:33 info: [WA] QR Code Baru Dihasilkan: 2@3SDjT337ryMnMlAuiJ...
2026-05-21 01:22:53 info: [WA] QR Code Baru Dihasilkan: 2@TMuz5/h0TqYUmNMIHk...
2026-05-21 01:23:13 info: [WA] QR Code Baru Dihasilkan: 2@3FHB/sVDxcn7XoJ0uW...
2026-05-21 01:23:33 info: [WA] QR Code Baru Dihasilkan: 2@pqKtU564tqVD7dYtSo...
2026-05-21 01:23:53 info: [WA] QR Code Baru Dihasilkan: 2@KnUyRFoogOSnDlSu0A...
2026-05-21 01:24:13 info: [WA] Connection Update: close
2026-05-21 01:24:13 warn: WhatsApp terputus (kode 408). Mencoba reconnect dalam 3 detik...
2026-05-21 01:24:17 info: [WA] Connection Update: connecting
2026-05-21 01:24:18 info: [WA] QR Code Baru Dihasilkan: 2@o/fz8hW1ezG5AB2aHs...
2026-05-21 01:25:18 info: [WA] QR Code Baru Dihasilkan: 2@hnRmOlgSlCqCiVCHtP...
2026-05-21 01:25:38 info: [WA] QR Code Baru Dihasilkan: 2@9l2S3Y8eQNvC13FeLQ...
2026-05-21 01:25:58 info: [WA] QR Code Baru Dihasilkan: 2@oKHC3Ux4/s5RNjC4mi...
2026-05-21 01:26:18 info: [WA] QR Code Baru Dihasilkan: 2@cZb9m2dU6GM5ij5wuF...
2026-05-21 01:26:31 info: [RXPower] Memulai pemantauan RXPower dengan threshold -27 dBm
2026-05-21 01:26:32 info: [RXPower] Memeriksa RXPower untuk 118 perangkat...
2026-05-21 01:26:32 info: [RXPower] Perangkat redaman tinggi: 3BD145-F609-RTEGC63BD145, RXPower: -30.45 dBm, PPPoE: herobungaya
2026-05-21 01:26:32 info: [RXPower] Perangkat redaman tinggi: 3CF652-F663NV9-ZTEGCD171D3C, RXPower: -31.54 dBm, PPPoE: hpaga
2026-05-21 01:26:32 info: [RXPower] Pesan peringatan dibuat untuk 2 perangkat
2026-05-21 01:26:38 info: [WA] QR Code Baru Dihasilkan: 2@UH4r3kWv8yuobRa6KT...
2026-05-21 01:26:58 info: [WA] Connection Update: close
2026-05-21 01:26:58 warn: WhatsApp terputus (kode 408). Mencoba reconnect dalam 3 detik...
2026-05-21 01:27:01 info: [WA] Connection Update: connecting
2026-05-21 01:27:06 info: [WA] Connection Update: close
2026-05-21 01:27:06 warn: WhatsApp terputus (kode 405). Mencoba reconnect dalam 3 detik...
2026-05-21 01:27:10 info: [WA] Connection Update: connecting
2026-05-21 01:27:11 info: [WA] QR Code Baru Dihasilkan: 2@QfbizcrGoJsD92aGuQ...
2026-05-21 01:28:11 info: [WA] QR Code Baru Dihasilkan: 2@xdsO/dVIQXSnic7Sm0...
2026-05-21 01:28:31 info: [WA] QR Code Baru Dihasilkan: 2@csrf2Vx/tZxOTYoEL9...
2026-05-21 01:28:51 info: [WA] QR Code Baru Dihasilkan: 2@Bo3gF8tsppRmwuG1o/...
2026-05-21 01:29:11 info: [WA] QR Code Baru Dihasilkan: 2@F5VDYzziWv6mnykwRR...
2026-05-21 01:29:31 info: [WA] QR Code Baru Dihasilkan: 2@4tATld6SGXa/7nrQMn...
2026-05-21 01:29:51 info: [WA] Connection Update: close
2026-05-21 01:29:51 warn: WhatsApp terputus (kode 408). Mencoba reconnect dalam 3 detik...
2026-05-21 01:29:54 info: [WA] Connection Update: connecting
2026-05-21 01:29:55 info: [WA] QR Code Baru Dihasilkan: 2@M29OsKJp+Ao/+ASdzt...
2026-05-21 01:30:55 info: [WA] QR Code Baru Dihasilkan: 2@FQvhL9WmaCAbNgHdVr...
2026-05-21 01:31:15 info: [WA] QR Code Baru Dihasilkan: 2@U4VKdgBxK1vhwaQF6o...
2026-05-21 01:31:35 info: [WA] QR Code Baru Dihasilkan: 2@kU6dUmkCozZeuKMDe0...
2026-05-21 01:31:55 info: [WA] QR Code Baru Dihasilkan: 2@fI6P45WRIeO7cuIQ67...
2026-05-21 01:32:15 info: [WA] QR Code Baru Dihasilkan: 2@VopRbbjwTLIwB9RIpu...
2026-05-21 01:32:35 info: [WA] Connection Update: close
2026-05-21 01:32:35 warn: WhatsApp terputus (kode 408). Mencoba reconnect dalam 3 detik...
2026-05-21 01:32:38 info: [WA] Connection Update: connecting
2026-05-21 01:32:39 info: [WA] QR Code Baru Dihasilkan: 2@voRGPGpvhNo86qCUmU...
2026-05-21 01:33:39 info: [WA] QR Code Baru Dihasilkan: 2@tlC8j5Nw3JQR0RgPhH...
2026-05-21 01:33:59 info: [WA] QR Code Baru Dihasilkan: 2@rAxiIgGoHmXTyzJDxU...
2026-05-21 01:34:19 info: [WA] QR Code Baru Dihasilkan: 2@+2Z7YQOok8QgieLXqf...
2026-05-21 01:34:39 info: [WA] QR Code Baru Dihasilkan: 2@DzRKeiLNMTIhcFqaA9...
2026-05-21 01:34:59 info: [WA] QR Code Baru Dihasilkan: 2@g3qeX9KYSPt5fi29D1...
2026-05-21 01:35:19 info: [WA] Connection Update: close
2026-05-21 01:35:19 warn: WhatsApp terputus (kode 408). Mencoba reconnect dalam 3 detik...
2026-05-21 01:35:23 info: [WA] Connection Update: connecting
2026-05-21 01:35:24 info: [WA] QR Code Baru Dihasilkan: 2@zX8cLhXGoOfR/qVTTg...
2026-05-21 01:36:24 info: [WA] QR Code Baru Dihasilkan: 2@02EtbQf0w8+nN0fbsB...
2026-05-21 01:36:44 info: [WA] QR Code Baru Dihasilkan: 2@YRriMP4im3iTUSjrzn...
2026-05-21 01:37:04 info: [WA] QR Code Baru Dihasilkan: 2@NzsgVFP3iimB8P7Tjn...
2026-05-21 01:37:24 info: [WA] QR Code Baru Dihasilkan: 2@HLO51p16qvIKfly1JB...
2026-05-21 01:37:44 info: [WA] QR Code Baru Dihasilkan: 2@zsXpdXak2zgWfL1/J3...
2026-05-21 01:38:04 info: [WA] Connection Update: close
2026-05-21 01:38:04 warn: WhatsApp terputus (kode 408). Mencoba reconnect dalam 3 detik...
2026-05-21 01:38:07 info: [WA] Connection Update: connecting
2026-05-21 01:38:07 info: [WA] Connection Update: close
2026-05-21 01:38:07 warn: WhatsApp terputus (kode 408). Mencoba reconnect dalam 3 detik...
2026-05-21 01:38:11 info: [WA] Connection Update: connecting
2026-05-21 01:38:16 info: [WA] Connection Update: close
2026-05-21 01:38:16 warn: WhatsApp terputus (kode 405). Mencoba reconnect dalam 3 detik...
2026-05-21 01:38:19 info: [WA] Connection Update: connecting
2026-05-21 01:38:19 info: [WA] Connection Update: close
2026-05-21 01:38:19 warn: WhatsApp terputus (kode 408). Mencoba reconnect dalam 3 detik...
2026-05-21 01:38:23 info: [WA] Connection Update: connecting
2026-05-21 01:38:24 info: [WA] QR Code Baru Dihasilkan: 2@N7dKcO5zNE4ucBtqSN...
2026-05-21 01:39:24 info: [WA] QR Code Baru Dihasilkan: 2@Q5UnK/iSjDh1wp+DC0...
2026-05-21 01:39:44 info: [WA] QR Code Baru Dihasilkan: 2@K5q+UCbnTSDapNWqVU...
2026-05-21 01:40:04 info: [WA] QR Code Baru Dihasilkan: 2@GF5E1xp1BBGeKxUDq3...
2026-05-21 01:40:24 info: [WA] QR Code Baru Dihasilkan: 2@+pm+BMDVdMp6IAasdr...
2026-05-21 01:40:44 info: [WA] QR Code Baru Dihasilkan: 2@jc0mgOXBs5c2vaPJEP...
2026-05-21 01:41:04 info: [WA] Connection Update: close
2026-05-21 01:41:04 warn: WhatsApp terputus (kode 408). Mencoba reconnect dalam 3 detik...
2026-05-21 01:41:07 info: [WA] Connection Update: connecting
2026-05-21 01:41:13 info: [WA] Connection Update: close
2026-05-21 01:41:13 warn: WhatsApp terputus (kode 405). Mencoba reconnect dalam 3 detik...
2026-05-21 01:41:16 info: [WA] Connection Update: connecting
2026-05-21 01:41:17 info: [WA] QR Code Baru Dihasilkan: 2@Q4CR00PCArnl1pGv+4...
2026-05-21 01:42:17 info: [WA] QR Code Baru Dihasilkan: 2@8kllpfp3X+XcpzI751...
2026-05-21 01:42:37 info: [WA] QR Code Baru Dihasilkan: 2@51sjy3btQPcqSQrvDN...
2026-05-21 01:42:57 info: [WA] QR Code Baru Dihasilkan: 2@4Tr5lyoAKQGML7Jb9P...
2026-05-21 01:43:17 info: [WA] QR Code Baru Dihasilkan: 2@BARnz2NnqRDbnkcBd6...
2026-05-21 01:43:37 info: [WA] QR Code Baru Dihasilkan: 2@MjfUhX7WHx3zYU8F15...
2026-05-21 01:43:57 info: [WA] Connection Update: close
2026-05-21 01:43:57 warn: WhatsApp terputus (kode 408). Mencoba reconnect dalam 3 detik...
2026-05-21 01:44:00 info: [WA] Connection Update: connecting
2026-05-21 01:44:01 info: [WA] QR Code Baru Dihasilkan: 2@DOvtEcEgw+EEynHYav...
2026-05-21 01:45:01 info: [WA] QR Code Baru Dihasilkan: 2@VbYogqEgSEg9D1xURk...
2026-05-21 01:45:21 info: [WA] QR Code Baru Dihasilkan: 2@ywg8HL9sFSPS0M40ki...
2026-05-21 01:45:41 info: [WA] QR Code Baru Dihasilkan: 2@hz7chu2EsFGXTmS2Q6...
2026-05-21 01:46:01 info: [WA] QR Code Baru Dihasilkan: 2@HZ+cGpht+rDQswBu3P...
2026-05-21 01:46:21 info: [WA] QR Code Baru Dihasilkan: 2@mV7sArqgN8XC2xYzCI...
2026-05-21 01:46:41 info: [WA] Connection Update: close
2026-05-21 01:46:41 warn: WhatsApp terputus (kode 408). Mencoba reconnect dalam 3 detik...
2026-05-21 01:46:45 info: [WA] Connection Update: connecting
2026-05-21 01:46:46 info: [WA] QR Code Baru Dihasilkan: 2@Xzgl/lc/zC4HUzgfTN...
2026-05-21 01:47:46 info: [WA] QR Code Baru Dihasilkan: 2@xKBjwEi/mhwy9otmwv...
2026-05-21 01:48:06 info: [WA] QR Code Baru Dihasilkan: 2@QLrGnM//MNMnOg1VJY...
2026-05-21 01:48:26 info: [WA] QR Code Baru Dihasilkan: 2@nhz0gK59RHV+URJFUw...
2026-05-21 01:48:46 info: [WA] QR Code Baru Dihasilkan: 2@Vdx7/O3mxOgMZtldbS...
2026-05-21 01:49:06 info: [WA] QR Code Baru Dihasilkan: 2@4weU3/3fw1EWierBLA...
2026-05-21 01:49:26 info: [WA] Connection Update: close
2026-05-21 01:49:26 warn: WhatsApp terputus (kode 408). Mencoba reconnect dalam 3 detik...
2026-05-21 01:49:29 info: [WA] Connection Update: connecting
2026-05-21 01:49:30 info: [WA] QR Code Baru Dihasilkan: 2@Sx5Qb2/LpNQdBsQLaz...
2026-05-21 01:50:30 info: [WA] QR Code Baru Dihasilkan: 2@ch3wnjjt+RHvvT9Cu8...
2026-05-21 01:50:50 info: [WA] QR Code Baru Dihasilkan: 2@kdK0uqS9pLhoaEztZr...
